# Logfile created on 2020-09-08 19:12:50 +0500 by logger.rb/v1.4.2
I, [2020-09-08T20:36:35.478765 #11776]  INFO -- : 2020-09-08T20:36:35+0500: [Worker(host:vals-HP-ProBook-450-G7 pid:11776)] Starting job worker
I, [2020-09-08T20:36:35.554052 #11776]  INFO -- : 2020-09-08T20:36:35+0500: [Worker(host:vals-HP-ProBook-450-G7 pid:11776)] Job TaskMailer.task_status_email (id=1) (queue=default) RUNNING
I, [2020-09-08T20:36:40.778277 #11776]  INFO -- : 2020-09-08T20:36:40+0500: [Worker(host:vals-HP-ProBook-450-G7 pid:11776)] Job TaskMailer.task_status_email (id=1) (queue=default) COMPLETED after 5.2241
I, [2020-09-08T20:36:40.790545 #11776]  INFO -- : 2020-09-08T20:36:40+0500: [Worker(host:vals-HP-ProBook-450-G7 pid:11776)] Job TaskMailer.task_status_email (id=2) (queue=default) RUNNING
I, [2020-09-08T20:36:44.160769 #11776]  INFO -- : 2020-09-08T20:36:44+0500: [Worker(host:vals-HP-ProBook-450-G7 pid:11776)] Job TaskMailer.task_status_email (id=2) (queue=default) COMPLETED after 3.3701
I, [2020-09-08T20:36:44.177901 #11776]  INFO -- : 2020-09-08T20:36:44+0500: [Worker(host:vals-HP-ProBook-450-G7 pid:11776)] Job TaskMailer.task_status_email (id=3) (queue=default) RUNNING
I, [2020-09-08T20:36:47.237944 #11776]  INFO -- : 2020-09-08T20:36:47+0500: [Worker(host:vals-HP-ProBook-450-G7 pid:11776)] Job TaskMailer.task_status_email (id=3) (queue=default) COMPLETED after 3.0597
I, [2020-09-08T20:36:47.266730 #11776]  INFO -- : 2020-09-08T20:36:47+0500: [Worker(host:vals-HP-ProBook-450-G7 pid:11776)] Job TaskMailer.task_status_email (id=4) (queue=default) RUNNING
I, [2020-09-08T20:36:50.669149 #11776]  INFO -- : 2020-09-08T20:36:50+0500: [Worker(host:vals-HP-ProBook-450-G7 pid:11776)] Job TaskMailer.task_status_email (id=4) (queue=default) COMPLETED after 3.4021
I, [2020-09-08T20:36:50.672613 #11776]  INFO -- : 2020-09-08T20:36:50+0500: [Worker(host:vals-HP-ProBook-450-G7 pid:11776)] 4 jobs processed at 0.2633 j/s, 0 failed
I, [2020-09-08T20:41:23.157362 #11776]  INFO -- : 2020-09-08T20:41:23+0500: [Worker(host:vals-HP-ProBook-450-G7 pid:11776)] Exiting...
I, [2020-09-08T20:57:10.890680 #12220]  INFO -- : 2020-09-08T20:57:10+0500: [Worker(host:vals-HP-ProBook-450-G7 pid:12220)] Starting job worker
I, [2020-09-08T20:58:11.036913 #12220]  INFO -- : 2020-09-08T20:58:11+0500: [Worker(host:vals-HP-ProBook-450-G7 pid:12220)] Job TaskMailer.task_status_email (id=5) (queue=default) RUNNING
I, [2020-09-08T20:58:15.181416 #12220]  INFO -- : 2020-09-08T20:58:15+0500: [Worker(host:vals-HP-ProBook-450-G7 pid:12220)] Job TaskMailer.task_status_email (id=5) (queue=default) COMPLETED after 4.1442
I, [2020-09-08T20:58:15.208935 #12220]  INFO -- : 2020-09-08T20:58:15+0500: [Worker(host:vals-HP-ProBook-450-G7 pid:12220)] Job TaskMailer.task_status_email (id=6) (queue=default) RUNNING
I, [2020-09-08T20:58:18.703672 #12220]  INFO -- : 2020-09-08T20:58:18+0500: [Worker(host:vals-HP-ProBook-450-G7 pid:12220)] Job TaskMailer.task_status_email (id=6) (queue=default) COMPLETED after 3.4946
I, [2020-09-08T20:58:18.720368 #12220]  INFO -- : 2020-09-08T20:58:18+0500: [Worker(host:vals-HP-ProBook-450-G7 pid:12220)] Job TaskMailer.task_status_email (id=7) (queue=default) RUNNING
I, [2020-09-08T20:58:21.838502 #12220]  INFO -- : 2020-09-08T20:58:21+0500: [Worker(host:vals-HP-ProBook-450-G7 pid:12220)] Job TaskMailer.task_status_email (id=7) (queue=default) COMPLETED after 3.1173
I, [2020-09-08T20:58:21.842491 #12220]  INFO -- : 2020-09-08T20:58:21+0500: [Worker(host:vals-HP-ProBook-450-G7 pid:12220)] 3 jobs processed at 0.2763 j/s, 0 failed
I, [2020-09-08T21:08:04.949968 #12220]  INFO -- : 2020-09-08T21:08:04+0500: [Worker(host:vals-HP-ProBook-450-G7 pid:12220)] Exiting...
I, [2020-09-08T21:09:36.281077 #13072]  INFO -- : 2020-09-08T21:09:36+0500: [Worker(delayed_job host:vals-HP-ProBook-450-G7 pid:13072)] Starting job worker
I, [2020-09-08T21:13:36.803444 #13072]  INFO -- : 2020-09-08T21:13:36+0500: [Worker(delayed_job host:vals-HP-ProBook-450-G7 pid:13072)] Job TaskMailer.task_status_email (id=8) (queue=default) RUNNING
I, [2020-09-08T21:13:40.663822 #13072]  INFO -- : 2020-09-08T21:13:40+0500: [Worker(delayed_job host:vals-HP-ProBook-450-G7 pid:13072)] Job TaskMailer.task_status_email (id=8) (queue=default) COMPLETED after 3.8603
I, [2020-09-08T21:13:40.673803 #13072]  INFO -- : 2020-09-08T21:13:40+0500: [Worker(delayed_job host:vals-HP-ProBook-450-G7 pid:13072)] Job TaskMailer.task_status_email (id=9) (queue=default) RUNNING
I, [2020-09-08T21:13:44.249332 #13072]  INFO -- : 2020-09-08T21:13:44+0500: [Worker(delayed_job host:vals-HP-ProBook-450-G7 pid:13072)] Job TaskMailer.task_status_email (id=9) (queue=default) COMPLETED after 3.5754
I, [2020-09-08T21:13:44.261023 #13072]  INFO -- : 2020-09-08T21:13:44+0500: [Worker(delayed_job host:vals-HP-ProBook-450-G7 pid:13072)] Job TaskMailer.task_status_email (id=10) (queue=default) RUNNING
I, [2020-09-08T21:13:47.837707 #13072]  INFO -- : 2020-09-08T21:13:47+0500: [Worker(delayed_job host:vals-HP-ProBook-450-G7 pid:13072)] Job TaskMailer.task_status_email (id=10) (queue=default) COMPLETED after 3.5765
I, [2020-09-08T21:13:47.844183 #13072]  INFO -- : 2020-09-08T21:13:47+0500: [Worker(delayed_job host:vals-HP-ProBook-450-G7 pid:13072)] 3 jobs processed at 0.2704 j/s, 0 failed
I, [2020-09-08T22:29:57.333933 #13072]  INFO -- : 2020-09-08T22:29:57+0500: [Worker(delayed_job host:vals-HP-ProBook-450-G7 pid:13072)] Job TaskMailer.task_status_email (id=11) (queue=default) RUNNING
I, [2020-09-08T22:30:01.781518 #13072]  INFO -- : 2020-09-08T22:30:01+0500: [Worker(delayed_job host:vals-HP-ProBook-450-G7 pid:13072)] Job TaskMailer.task_status_email (id=11) (queue=default) COMPLETED after 4.4475
I, [2020-09-08T22:30:01.795244 #13072]  INFO -- : 2020-09-08T22:30:01+0500: [Worker(delayed_job host:vals-HP-ProBook-450-G7 pid:13072)] Job TaskMailer.task_status_email (id=12) (queue=default) RUNNING
I, [2020-09-08T22:30:05.285379 #13072]  INFO -- : 2020-09-08T22:30:05+0500: [Worker(delayed_job host:vals-HP-ProBook-450-G7 pid:13072)] Job TaskMailer.task_status_email (id=12) (queue=default) COMPLETED after 3.4899
I, [2020-09-08T22:30:05.287737 #13072]  INFO -- : 2020-09-08T22:30:05+0500: [Worker(delayed_job host:vals-HP-ProBook-450-G7 pid:13072)] 2 jobs processed at 0.2501 j/s, 0 failed
I, [2020-09-08T23:27:11.765735 #13072]  INFO -- : 2020-09-08T23:27:11+0500: [Worker(delayed_job host:vals-HP-ProBook-450-G7 pid:13072)] Job TaskMailer.task_status_email (id=13) (queue=default) RUNNING
I, [2020-09-08T23:27:15.402545 #13072]  INFO -- : 2020-09-08T23:27:15+0500: [Worker(delayed_job host:vals-HP-ProBook-450-G7 pid:13072)] Job TaskMailer.task_status_email (id=13) (queue=default) COMPLETED after 3.6367
I, [2020-09-08T23:27:15.415174 #13072]  INFO -- : 2020-09-08T23:27:15+0500: [Worker(delayed_job host:vals-HP-ProBook-450-G7 pid:13072)] Job TaskMailer.task_status_email (id=14) (queue=default) RUNNING
I, [2020-09-08T23:27:19.237123 #13072]  INFO -- : 2020-09-08T23:27:19+0500: [Worker(delayed_job host:vals-HP-ProBook-450-G7 pid:13072)] Job TaskMailer.task_status_email (id=14) (queue=default) COMPLETED after 3.8217
I, [2020-09-08T23:27:19.242713 #13072]  INFO -- : 2020-09-08T23:27:19+0500: [Worker(delayed_job host:vals-HP-ProBook-450-G7 pid:13072)] 2 jobs processed at 0.2660 j/s, 0 failed
I, [2020-09-08T23:34:20.138576 #13072]  INFO -- : 2020-09-08T23:34:20+0500: [Worker(delayed_job host:vals-HP-ProBook-450-G7 pid:13072)] Job TaskMailer.task_status_email (id=15) (queue=default) RUNNING
I, [2020-09-08T23:34:24.308639 #13072]  INFO -- : 2020-09-08T23:34:24+0500: [Worker(delayed_job host:vals-HP-ProBook-450-G7 pid:13072)] Job TaskMailer.task_status_email (id=15) (queue=default) COMPLETED after 4.1698
I, [2020-09-08T23:34:24.324804 #13072]  INFO -- : 2020-09-08T23:34:24+0500: [Worker(delayed_job host:vals-HP-ProBook-450-G7 pid:13072)] Job TaskMailer.task_status_email (id=16) (queue=default) RUNNING
I, [2020-09-08T23:34:27.609943 #13072]  INFO -- : 2020-09-08T23:34:27+0500: [Worker(delayed_job host:vals-HP-ProBook-450-G7 pid:13072)] Job TaskMailer.task_status_email (id=16) (queue=default) COMPLETED after 3.2849
I, [2020-09-08T23:34:27.615439 #13072]  INFO -- : 2020-09-08T23:34:27+0500: [Worker(delayed_job host:vals-HP-ProBook-450-G7 pid:13072)] 2 jobs processed at 0.2655 j/s, 0 failed
I, [2020-09-09T00:45:36.410096 #13072]  INFO -- : 2020-09-09T00:45:36+0500: [Worker(delayed_job host:vals-HP-ProBook-450-G7 pid:13072)] Job UserMailer.welcome_reset_password_instructions (id=17) (queue=default) RUNNING
I, [2020-09-09T00:45:40.147012 #13072]  INFO -- : 2020-09-09T00:45:40+0500: [Worker(delayed_job host:vals-HP-ProBook-450-G7 pid:13072)] Job UserMailer.welcome_reset_password_instructions (id=17) (queue=default) COMPLETED after 3.7367
I, [2020-09-09T00:45:40.150109 #13072]  INFO -- : 2020-09-09T00:45:40+0500: [Worker(delayed_job host:vals-HP-ProBook-450-G7 pid:13072)] 1 jobs processed at 0.2653 j/s, 0 failed
I, [2020-09-09T11:18:26.193462 #13072]  INFO -- : 2020-09-09T11:18:26+0500: [Worker(delayed_job host:vals-HP-ProBook-450-G7 pid:13072)] Job UserMailer.welcome_reset_password_instructions (id=18) (queue=default) RUNNING
I, [2020-09-09T11:18:30.487154 #13072]  INFO -- : 2020-09-09T11:18:30+0500: [Worker(delayed_job host:vals-HP-ProBook-450-G7 pid:13072)] Job UserMailer.welcome_reset_password_instructions (id=18) (queue=default) COMPLETED after 4.2936
I, [2020-09-09T11:18:30.490631 #13072]  INFO -- : 2020-09-09T11:18:30+0500: [Worker(delayed_job host:vals-HP-ProBook-450-G7 pid:13072)] 1 jobs processed at 0.2313 j/s, 0 failed
I, [2020-09-09T16:47:10.224448 #13072]  INFO -- : 2020-09-09T16:47:10+0500: [Worker(delayed_job host:vals-HP-ProBook-450-G7 pid:13072)] Job TaskMailer.task_status_email (id=19) (queue=default) RUNNING
E, [2020-09-09T16:47:10.225843 #13072] ERROR -- : 2020-09-09T16:47:10+0500: [Worker(delayed_job host:vals-HP-ProBook-450-G7 pid:13072)] Job TaskMailer.task_status_email (id=19) (queue=default) FAILED (0 prior attempts) with NoMethodError: undefined method `id' for nil:NilClass
I, [2020-09-09T16:47:10.237738 #13072]  INFO -- : 2020-09-09T16:47:10+0500: [Worker(delayed_job host:vals-HP-ProBook-450-G7 pid:13072)] Job TaskMailer.task_status_email (id=20) (queue=default) RUNNING
E, [2020-09-09T16:47:10.238768 #13072] ERROR -- : 2020-09-09T16:47:10+0500: [Worker(delayed_job host:vals-HP-ProBook-450-G7 pid:13072)] Job TaskMailer.task_status_email (id=20) (queue=default) FAILED (0 prior attempts) with NoMethodError: undefined method `id' for nil:NilClass
I, [2020-09-09T16:47:10.248810 #13072]  INFO -- : 2020-09-09T16:47:10+0500: [Worker(delayed_job host:vals-HP-ProBook-450-G7 pid:13072)] 2 jobs processed at 42.9452 j/s, 2 failed
I, [2020-09-09T16:48:10.389543 #13072]  INFO -- : 2020-09-09T16:48:10+0500: [Worker(delayed_job host:vals-HP-ProBook-450-G7 pid:13072)] Job TaskMailer.task_status_email (id=19) (queue=default) RUNNING
E, [2020-09-09T16:48:10.390959 #13072] ERROR -- : 2020-09-09T16:48:10+0500: [Worker(delayed_job host:vals-HP-ProBook-450-G7 pid:13072)] Job TaskMailer.task_status_email (id=19) (queue=default) FAILED (1 prior attempts) with NoMethodError: undefined method `id' for nil:NilClass
I, [2020-09-09T16:48:10.406618 #13072]  INFO -- : 2020-09-09T16:48:10+0500: [Worker(delayed_job host:vals-HP-ProBook-450-G7 pid:13072)] Job TaskMailer.task_status_email (id=20) (queue=default) RUNNING
E, [2020-09-09T16:48:10.407554 #13072] ERROR -- : 2020-09-09T16:48:10+0500: [Worker(delayed_job host:vals-HP-ProBook-450-G7 pid:13072)] Job TaskMailer.task_status_email (id=20) (queue=default) FAILED (1 prior attempts) with NoMethodError: undefined method `id' for nil:NilClass
I, [2020-09-09T16:48:10.415365 #13072]  INFO -- : 2020-09-09T16:48:10+0500: [Worker(delayed_job host:vals-HP-ProBook-450-G7 pid:13072)] 2 jobs processed at 31.9476 j/s, 2 failed
I, [2020-09-09T16:49:10.559932 #13072]  INFO -- : 2020-09-09T16:49:10+0500: [Worker(delayed_job host:vals-HP-ProBook-450-G7 pid:13072)] Job TaskMailer.task_status_email (id=19) (queue=default) RUNNING
E, [2020-09-09T16:49:10.561314 #13072] ERROR -- : 2020-09-09T16:49:10+0500: [Worker(delayed_job host:vals-HP-ProBook-450-G7 pid:13072)] Job TaskMailer.task_status_email (id=19) (queue=default) FAILED (2 prior attempts) with NoMethodError: undefined method `id' for nil:NilClass
E, [2020-09-09T16:49:10.561378 #13072] ERROR -- : 2020-09-09T16:49:10+0500: [Worker(delayed_job host:vals-HP-ProBook-450-G7 pid:13072)] Job TaskMailer.task_status_email (id=19) (queue=default) FAILED permanently because of 3 consecutive failures
I, [2020-09-09T16:49:10.573448 #13072]  INFO -- : 2020-09-09T16:49:10+0500: [Worker(delayed_job host:vals-HP-ProBook-450-G7 pid:13072)] Job TaskMailer.task_status_email (id=20) (queue=default) RUNNING
E, [2020-09-09T16:49:10.574528 #13072] ERROR -- : 2020-09-09T16:49:10+0500: [Worker(delayed_job host:vals-HP-ProBook-450-G7 pid:13072)] Job TaskMailer.task_status_email (id=20) (queue=default) FAILED (2 prior attempts) with NoMethodError: undefined method `id' for nil:NilClass
E, [2020-09-09T16:49:10.574584 #13072] ERROR -- : 2020-09-09T16:49:10+0500: [Worker(delayed_job host:vals-HP-ProBook-450-G7 pid:13072)] Job TaskMailer.task_status_email (id=20) (queue=default) FAILED permanently because of 3 consecutive failures
I, [2020-09-09T16:49:10.582043 #13072]  INFO -- : 2020-09-09T16:49:10+0500: [Worker(delayed_job host:vals-HP-ProBook-450-G7 pid:13072)] 2 jobs processed at 46.1411 j/s, 2 failed
I, [2020-09-09T16:52:10.918428 #13072]  INFO -- : 2020-09-09T16:52:10+0500: [Worker(delayed_job host:vals-HP-ProBook-450-G7 pid:13072)] Job TaskMailer.task_status_email (id=21) (queue=default) RUNNING
E, [2020-09-09T16:52:10.919786 #13072] ERROR -- : 2020-09-09T16:52:10+0500: [Worker(delayed_job host:vals-HP-ProBook-450-G7 pid:13072)] Job TaskMailer.task_status_email (id=21) (queue=default) FAILED (0 prior attempts) with NoMethodError: undefined method `id' for nil:NilClass
I, [2020-09-09T16:52:10.935104 #13072]  INFO -- : 2020-09-09T16:52:10+0500: [Worker(delayed_job host:vals-HP-ProBook-450-G7 pid:13072)] Job TaskMailer.task_status_email (id=22) (queue=default) RUNNING
E, [2020-09-09T16:52:10.936144 #13072] ERROR -- : 2020-09-09T16:52:10+0500: [Worker(delayed_job host:vals-HP-ProBook-450-G7 pid:13072)] Job TaskMailer.task_status_email (id=22) (queue=default) FAILED (0 prior attempts) with NoMethodError: undefined method `id' for nil:NilClass
I, [2020-09-09T16:52:10.951009 #13072]  INFO -- : 2020-09-09T16:52:10+0500: [Worker(delayed_job host:vals-HP-ProBook-450-G7 pid:13072)] Job TaskMailer.task_status_email (id=23) (queue=default) RUNNING
E, [2020-09-09T16:52:10.952014 #13072] ERROR -- : 2020-09-09T16:52:10+0500: [Worker(delayed_job host:vals-HP-ProBook-450-G7 pid:13072)] Job TaskMailer.task_status_email (id=23) (queue=default) FAILED (0 prior attempts) with NoMethodError: undefined method `id' for nil:NilClass
I, [2020-09-09T16:52:10.961767 #13072]  INFO -- : 2020-09-09T16:52:10+0500: [Worker(delayed_job host:vals-HP-ProBook-450-G7 pid:13072)] 3 jobs processed at 41.5675 j/s, 3 failed
I, [2020-09-09T16:53:11.114634 #13072]  INFO -- : 2020-09-09T16:53:11+0500: [Worker(delayed_job host:vals-HP-ProBook-450-G7 pid:13072)] Job TaskMailer.task_status_email (id=21) (queue=default) RUNNING
E, [2020-09-09T16:53:11.116003 #13072] ERROR -- : 2020-09-09T16:53:11+0500: [Worker(delayed_job host:vals-HP-ProBook-450-G7 pid:13072)] Job TaskMailer.task_status_email (id=21) (queue=default) FAILED (1 prior attempts) with NoMethodError: undefined method `id' for nil:NilClass
I, [2020-09-09T16:53:11.129547 #13072]  INFO -- : 2020-09-09T16:53:11+0500: [Worker(delayed_job host:vals-HP-ProBook-450-G7 pid:13072)] Job TaskMailer.task_status_email (id=22) (queue=default) RUNNING
E, [2020-09-09T16:53:11.130520 #13072] ERROR -- : 2020-09-09T16:53:11+0500: [Worker(delayed_job host:vals-HP-ProBook-450-G7 pid:13072)] Job TaskMailer.task_status_email (id=22) (queue=default) FAILED (1 prior attempts) with NoMethodError: undefined method `id' for nil:NilClass
I, [2020-09-09T16:53:11.141977 #13072]  INFO -- : 2020-09-09T16:53:11+0500: [Worker(delayed_job host:vals-HP-ProBook-450-G7 pid:13072)] Job TaskMailer.task_status_email (id=23) (queue=default) RUNNING
E, [2020-09-09T16:53:11.142992 #13072] ERROR -- : 2020-09-09T16:53:11+0500: [Worker(delayed_job host:vals-HP-ProBook-450-G7 pid:13072)] Job TaskMailer.task_status_email (id=23) (queue=default) FAILED (1 prior attempts) with NoMethodError: undefined method `id' for nil:NilClass
I, [2020-09-09T16:53:11.150154 #13072]  INFO -- : 2020-09-09T16:53:11+0500: [Worker(delayed_job host:vals-HP-ProBook-450-G7 pid:13072)] 3 jobs processed at 43.5451 j/s, 3 failed
I, [2020-09-09T16:54:11.303823 #13072]  INFO -- : 2020-09-09T16:54:11+0500: [Worker(delayed_job host:vals-HP-ProBook-450-G7 pid:13072)] Job TaskMailer.task_status_email (id=21) (queue=default) RUNNING
E, [2020-09-09T16:54:11.305143 #13072] ERROR -- : 2020-09-09T16:54:11+0500: [Worker(delayed_job host:vals-HP-ProBook-450-G7 pid:13072)] Job TaskMailer.task_status_email (id=21) (queue=default) FAILED (2 prior attempts) with NoMethodError: undefined method `id' for nil:NilClass
E, [2020-09-09T16:54:11.305206 #13072] ERROR -- : 2020-09-09T16:54:11+0500: [Worker(delayed_job host:vals-HP-ProBook-450-G7 pid:13072)] Job TaskMailer.task_status_email (id=21) (queue=default) FAILED permanently because of 3 consecutive failures
I, [2020-09-09T16:54:11.319231 #13072]  INFO -- : 2020-09-09T16:54:11+0500: [Worker(delayed_job host:vals-HP-ProBook-450-G7 pid:13072)] Job TaskMailer.task_status_email (id=22) (queue=default) RUNNING
E, [2020-09-09T16:54:11.320230 #13072] ERROR -- : 2020-09-09T16:54:11+0500: [Worker(delayed_job host:vals-HP-ProBook-450-G7 pid:13072)] Job TaskMailer.task_status_email (id=22) (queue=default) FAILED (2 prior attempts) with NoMethodError: undefined method `id' for nil:NilClass
E, [2020-09-09T16:54:11.320294 #13072] ERROR -- : 2020-09-09T16:54:11+0500: [Worker(delayed_job host:vals-HP-ProBook-450-G7 pid:13072)] Job TaskMailer.task_status_email (id=22) (queue=default) FAILED permanently because of 3 consecutive failures
I, [2020-09-09T16:54:11.333670 #13072]  INFO -- : 2020-09-09T16:54:11+0500: [Worker(delayed_job host:vals-HP-ProBook-450-G7 pid:13072)] Job TaskMailer.task_status_email (id=23) (queue=default) RUNNING
E, [2020-09-09T16:54:11.334709 #13072] ERROR -- : 2020-09-09T16:54:11+0500: [Worker(delayed_job host:vals-HP-ProBook-450-G7 pid:13072)] Job TaskMailer.task_status_email (id=23) (queue=default) FAILED (2 prior attempts) with NoMethodError: undefined method `id' for nil:NilClass
E, [2020-09-09T16:54:11.334772 #13072] ERROR -- : 2020-09-09T16:54:11+0500: [Worker(delayed_job host:vals-HP-ProBook-450-G7 pid:13072)] Job TaskMailer.task_status_email (id=23) (queue=default) FAILED permanently because of 3 consecutive failures
I, [2020-09-09T16:54:11.341759 #13072]  INFO -- : 2020-09-09T16:54:11+0500: [Worker(delayed_job host:vals-HP-ProBook-450-G7 pid:13072)] 3 jobs processed at 46.5088 j/s, 3 failed
I, [2020-09-09T16:55:11.501085 #13072]  INFO -- : 2020-09-09T16:55:11+0500: [Worker(delayed_job host:vals-HP-ProBook-450-G7 pid:13072)] Job TaskMailer.task_status_email (id=24) (queue=default) RUNNING
E, [2020-09-09T16:55:11.502532 #13072] ERROR -- : 2020-09-09T16:55:11+0500: [Worker(delayed_job host:vals-HP-ProBook-450-G7 pid:13072)] Job TaskMailer.task_status_email (id=24) (queue=default) FAILED (0 prior attempts) with NoMethodError: undefined method `id' for nil:NilClass
I, [2020-09-09T16:55:11.517641 #13072]  INFO -- : 2020-09-09T16:55:11+0500: [Worker(delayed_job host:vals-HP-ProBook-450-G7 pid:13072)] Job TaskMailer.task_status_email (id=25) (queue=default) RUNNING
E, [2020-09-09T16:55:11.518751 #13072] ERROR -- : 2020-09-09T16:55:11+0500: [Worker(delayed_job host:vals-HP-ProBook-450-G7 pid:13072)] Job TaskMailer.task_status_email (id=25) (queue=default) FAILED (0 prior attempts) with NoMethodError: undefined method `id' for nil:NilClass
I, [2020-09-09T16:55:11.534989 #13072]  INFO -- : 2020-09-09T16:55:11+0500: [Worker(delayed_job host:vals-HP-ProBook-450-G7 pid:13072)] Job TaskMailer.task_status_email (id=26) (queue=default) RUNNING
E, [2020-09-09T16:55:11.536203 #13072] ERROR -- : 2020-09-09T16:55:11+0500: [Worker(delayed_job host:vals-HP-ProBook-450-G7 pid:13072)] Job TaskMailer.task_status_email (id=26) (queue=default) FAILED (0 prior attempts) with NoMethodError: undefined method `id' for nil:NilClass
I, [2020-09-09T16:55:11.548535 #13072]  INFO -- : 2020-09-09T16:55:11+0500: [Worker(delayed_job host:vals-HP-ProBook-450-G7 pid:13072)] 3 jobs processed at 40.1617 j/s, 3 failed
I, [2020-09-09T16:56:11.737174 #13072]  INFO -- : 2020-09-09T16:56:11+0500: [Worker(delayed_job host:vals-HP-ProBook-450-G7 pid:13072)] Job TaskMailer.task_status_email (id=24) (queue=default) RUNNING
E, [2020-09-09T16:56:11.738580 #13072] ERROR -- : 2020-09-09T16:56:11+0500: [Worker(delayed_job host:vals-HP-ProBook-450-G7 pid:13072)] Job TaskMailer.task_status_email (id=24) (queue=default) FAILED (1 prior attempts) with NoMethodError: undefined method `id' for nil:NilClass
I, [2020-09-09T16:56:11.750844 #13072]  INFO -- : 2020-09-09T16:56:11+0500: [Worker(delayed_job host:vals-HP-ProBook-450-G7 pid:13072)] Job TaskMailer.task_status_email (id=25) (queue=default) RUNNING
E, [2020-09-09T16:56:11.751831 #13072] ERROR -- : 2020-09-09T16:56:11+0500: [Worker(delayed_job host:vals-HP-ProBook-450-G7 pid:13072)] Job TaskMailer.task_status_email (id=25) (queue=default) FAILED (1 prior attempts) with NoMethodError: undefined method `id' for nil:NilClass
I, [2020-09-09T16:56:11.763893 #13072]  INFO -- : 2020-09-09T16:56:11+0500: [Worker(delayed_job host:vals-HP-ProBook-450-G7 pid:13072)] Job TaskMailer.task_status_email (id=26) (queue=default) RUNNING
E, [2020-09-09T16:56:11.764934 #13072] ERROR -- : 2020-09-09T16:56:11+0500: [Worker(delayed_job host:vals-HP-ProBook-450-G7 pid:13072)] Job TaskMailer.task_status_email (id=26) (queue=default) FAILED (1 prior attempts) with NoMethodError: undefined method `id' for nil:NilClass
I, [2020-09-09T16:56:11.772646 #13072]  INFO -- : 2020-09-09T16:56:11+0500: [Worker(delayed_job host:vals-HP-ProBook-450-G7 pid:13072)] 3 jobs processed at 50.0826 j/s, 3 failed
I, [2020-09-09T16:57:13.136198 #13072]  INFO -- : 2020-09-09T16:57:13+0500: [Worker(delayed_job host:vals-HP-ProBook-450-G7 pid:13072)] Job TaskMailer.task_status_email (id=24) (queue=default) RUNNING
E, [2020-09-09T16:57:13.137738 #13072] ERROR -- : 2020-09-09T16:57:13+0500: [Worker(delayed_job host:vals-HP-ProBook-450-G7 pid:13072)] Job TaskMailer.task_status_email (id=24) (queue=default) FAILED (2 prior attempts) with NoMethodError: undefined method `id' for nil:NilClass
E, [2020-09-09T16:57:13.137792 #13072] ERROR -- : 2020-09-09T16:57:13+0500: [Worker(delayed_job host:vals-HP-ProBook-450-G7 pid:13072)] Job TaskMailer.task_status_email (id=24) (queue=default) FAILED permanently because of 3 consecutive failures
I, [2020-09-09T16:57:13.151078 #13072]  INFO -- : 2020-09-09T16:57:13+0500: [Worker(delayed_job host:vals-HP-ProBook-450-G7 pid:13072)] Job TaskMailer.task_status_email (id=25) (queue=default) RUNNING
E, [2020-09-09T16:57:13.152159 #13072] ERROR -- : 2020-09-09T16:57:13+0500: [Worker(delayed_job host:vals-HP-ProBook-450-G7 pid:13072)] Job TaskMailer.task_status_email (id=25) (queue=default) FAILED (2 prior attempts) with NoMethodError: undefined method `id' for nil:NilClass
E, [2020-09-09T16:57:13.152213 #13072] ERROR -- : 2020-09-09T16:57:13+0500: [Worker(delayed_job host:vals-HP-ProBook-450-G7 pid:13072)] Job TaskMailer.task_status_email (id=25) (queue=default) FAILED permanently because of 3 consecutive failures
I, [2020-09-09T16:57:13.165440 #13072]  INFO -- : 2020-09-09T16:57:13+0500: [Worker(delayed_job host:vals-HP-ProBook-450-G7 pid:13072)] Job TaskMailer.task_status_email (id=26) (queue=default) RUNNING
E, [2020-09-09T16:57:13.166622 #13072] ERROR -- : 2020-09-09T16:57:13+0500: [Worker(delayed_job host:vals-HP-ProBook-450-G7 pid:13072)] Job TaskMailer.task_status_email (id=26) (queue=default) FAILED (2 prior attempts) with NoMethodError: undefined method `id' for nil:NilClass
E, [2020-09-09T16:57:13.166682 #13072] ERROR -- : 2020-09-09T16:57:13+0500: [Worker(delayed_job host:vals-HP-ProBook-450-G7 pid:13072)] Job TaskMailer.task_status_email (id=26) (queue=default) FAILED permanently because of 3 consecutive failures
I, [2020-09-09T16:57:13.177223 #13072]  INFO -- : 2020-09-09T16:57:13+0500: [Worker(delayed_job host:vals-HP-ProBook-450-G7 pid:13072)] 3 jobs processed at 47.0251 j/s, 3 failed
I, [2020-09-09T17:15:15.232789 #13072]  INFO -- : 2020-09-09T17:15:15+0500: [Worker(delayed_job host:vals-HP-ProBook-450-G7 pid:13072)] Job TaskMailer.task_status_email (id=27) (queue=default) RUNNING
E, [2020-09-09T17:15:15.234062 #13072] ERROR -- : 2020-09-09T17:15:15+0500: [Worker(delayed_job host:vals-HP-ProBook-450-G7 pid:13072)] Job TaskMailer.task_status_email (id=27) (queue=default) FAILED (0 prior attempts) with NoMethodError: undefined method `id' for nil:NilClass
I, [2020-09-09T17:15:15.246304 #13072]  INFO -- : 2020-09-09T17:15:15+0500: [Worker(delayed_job host:vals-HP-ProBook-450-G7 pid:13072)] Job TaskMailer.task_status_email (id=28) (queue=default) RUNNING
E, [2020-09-09T17:15:15.247396 #13072] ERROR -- : 2020-09-09T17:15:15+0500: [Worker(delayed_job host:vals-HP-ProBook-450-G7 pid:13072)] Job TaskMailer.task_status_email (id=28) (queue=default) FAILED (0 prior attempts) with NoMethodError: undefined method `id' for nil:NilClass
I, [2020-09-09T17:15:15.259502 #13072]  INFO -- : 2020-09-09T17:15:15+0500: [Worker(delayed_job host:vals-HP-ProBook-450-G7 pid:13072)] 2 jobs processed at 36.5924 j/s, 2 failed
I, [2020-09-09T17:16:15.445332 #13072]  INFO -- : 2020-09-09T17:16:15+0500: [Worker(delayed_job host:vals-HP-ProBook-450-G7 pid:13072)] Job TaskMailer.task_status_email (id=27) (queue=default) RUNNING
E, [2020-09-09T17:16:15.447992 #13072] ERROR -- : 2020-09-09T17:16:15+0500: [Worker(delayed_job host:vals-HP-ProBook-450-G7 pid:13072)] Job TaskMailer.task_status_email (id=27) (queue=default) FAILED (1 prior attempts) with NoMethodError: undefined method `id' for nil:NilClass
I, [2020-09-09T17:16:15.463104 #13072]  INFO -- : 2020-09-09T17:16:15+0500: [Worker(delayed_job host:vals-HP-ProBook-450-G7 pid:13072)] Job TaskMailer.task_status_email (id=28) (queue=default) RUNNING
E, [2020-09-09T17:16:15.465002 #13072] ERROR -- : 2020-09-09T17:16:15+0500: [Worker(delayed_job host:vals-HP-ProBook-450-G7 pid:13072)] Job TaskMailer.task_status_email (id=28) (queue=default) FAILED (1 prior attempts) with NoMethodError: undefined method `id' for nil:NilClass
I, [2020-09-09T17:16:15.474640 #13072]  INFO -- : 2020-09-09T17:16:15+0500: [Worker(delayed_job host:vals-HP-ProBook-450-G7 pid:13072)] 2 jobs processed at 28.0651 j/s, 2 failed
I, [2020-09-09T17:17:15.609771 #13072]  INFO -- : 2020-09-09T17:17:15+0500: [Worker(delayed_job host:vals-HP-ProBook-450-G7 pid:13072)] Job TaskMailer.task_status_email (id=27) (queue=default) RUNNING
E, [2020-09-09T17:17:15.611198 #13072] ERROR -- : 2020-09-09T17:17:15+0500: [Worker(delayed_job host:vals-HP-ProBook-450-G7 pid:13072)] Job TaskMailer.task_status_email (id=27) (queue=default) FAILED (2 prior attempts) with NoMethodError: undefined method `id' for nil:NilClass
E, [2020-09-09T17:17:15.611258 #13072] ERROR -- : 2020-09-09T17:17:15+0500: [Worker(delayed_job host:vals-HP-ProBook-450-G7 pid:13072)] Job TaskMailer.task_status_email (id=27) (queue=default) FAILED permanently because of 3 consecutive failures
I, [2020-09-09T17:17:15.626335 #13072]  INFO -- : 2020-09-09T17:17:15+0500: [Worker(delayed_job host:vals-HP-ProBook-450-G7 pid:13072)] Job TaskMailer.task_status_email (id=28) (queue=default) RUNNING
E, [2020-09-09T17:17:15.627394 #13072] ERROR -- : 2020-09-09T17:17:15+0500: [Worker(delayed_job host:vals-HP-ProBook-450-G7 pid:13072)] Job TaskMailer.task_status_email (id=28) (queue=default) FAILED (2 prior attempts) with NoMethodError: undefined method `id' for nil:NilClass
E, [2020-09-09T17:17:15.627456 #13072] ERROR -- : 2020-09-09T17:17:15+0500: [Worker(delayed_job host:vals-HP-ProBook-450-G7 pid:13072)] Job TaskMailer.task_status_email (id=28) (queue=default) FAILED permanently because of 3 consecutive failures
I, [2020-09-09T17:17:15.635274 #13072]  INFO -- : 2020-09-09T17:17:15+0500: [Worker(delayed_job host:vals-HP-ProBook-450-G7 pid:13072)] 2 jobs processed at 40.8475 j/s, 2 failed
I, [2020-09-09T17:21:16.173482 #13072]  INFO -- : 2020-09-09T17:21:16+0500: [Worker(delayed_job host:vals-HP-ProBook-450-G7 pid:13072)] Job TaskMailer.task_status_email (id=29) (queue=default) RUNNING
E, [2020-09-09T17:21:16.175094 #13072] ERROR -- : 2020-09-09T17:21:16+0500: [Worker(delayed_job host:vals-HP-ProBook-450-G7 pid:13072)] Job TaskMailer.task_status_email (id=29) (queue=default) FAILED (0 prior attempts) with NoMethodError: undefined method `id' for nil:NilClass
I, [2020-09-09T17:21:16.190188 #13072]  INFO -- : 2020-09-09T17:21:16+0500: [Worker(delayed_job host:vals-HP-ProBook-450-G7 pid:13072)] Job TaskMailer.task_status_email (id=30) (queue=default) RUNNING
E, [2020-09-09T17:21:16.191199 #13072] ERROR -- : 2020-09-09T17:21:16+0500: [Worker(delayed_job host:vals-HP-ProBook-450-G7 pid:13072)] Job TaskMailer.task_status_email (id=30) (queue=default) FAILED (0 prior attempts) with NoMethodError: undefined method `id' for nil:NilClass
I, [2020-09-09T17:21:16.201546 #13072]  INFO -- : 2020-09-09T17:21:16+0500: [Worker(delayed_job host:vals-HP-ProBook-450-G7 pid:13072)] 2 jobs processed at 38.4113 j/s, 2 failed
I, [2020-09-09T17:22:16.348322 #13072]  INFO -- : 2020-09-09T17:22:16+0500: [Worker(delayed_job host:vals-HP-ProBook-450-G7 pid:13072)] Job TaskMailer.task_status_email (id=29) (queue=default) RUNNING
E, [2020-09-09T17:22:16.349700 #13072] ERROR -- : 2020-09-09T17:22:16+0500: [Worker(delayed_job host:vals-HP-ProBook-450-G7 pid:13072)] Job TaskMailer.task_status_email (id=29) (queue=default) FAILED (1 prior attempts) with NoMethodError: undefined method `id' for nil:NilClass
I, [2020-09-09T17:22:16.362412 #13072]  INFO -- : 2020-09-09T17:22:16+0500: [Worker(delayed_job host:vals-HP-ProBook-450-G7 pid:13072)] Job TaskMailer.task_status_email (id=30) (queue=default) RUNNING
E, [2020-09-09T17:22:16.363395 #13072] ERROR -- : 2020-09-09T17:22:16+0500: [Worker(delayed_job host:vals-HP-ProBook-450-G7 pid:13072)] Job TaskMailer.task_status_email (id=30) (queue=default) FAILED (1 prior attempts) with NoMethodError: undefined method `id' for nil:NilClass
I, [2020-09-09T17:22:16.369935 #13072]  INFO -- : 2020-09-09T17:22:16+0500: [Worker(delayed_job host:vals-HP-ProBook-450-G7 pid:13072)] 2 jobs processed at 44.8055 j/s, 2 failed
I, [2020-09-09T17:23:16.521107 #13072]  INFO -- : 2020-09-09T17:23:16+0500: [Worker(delayed_job host:vals-HP-ProBook-450-G7 pid:13072)] Job TaskMailer.task_status_email (id=29) (queue=default) RUNNING
E, [2020-09-09T17:23:16.522580 #13072] ERROR -- : 2020-09-09T17:23:16+0500: [Worker(delayed_job host:vals-HP-ProBook-450-G7 pid:13072)] Job TaskMailer.task_status_email (id=29) (queue=default) FAILED (2 prior attempts) with NoMethodError: undefined method `id' for nil:NilClass
E, [2020-09-09T17:23:16.522635 #13072] ERROR -- : 2020-09-09T17:23:16+0500: [Worker(delayed_job host:vals-HP-ProBook-450-G7 pid:13072)] Job TaskMailer.task_status_email (id=29) (queue=default) FAILED permanently because of 3 consecutive failures
I, [2020-09-09T17:23:16.541990 #13072]  INFO -- : 2020-09-09T17:23:16+0500: [Worker(delayed_job host:vals-HP-ProBook-450-G7 pid:13072)] Job TaskMailer.task_status_email (id=30) (queue=default) RUNNING
E, [2020-09-09T17:23:16.544092 #13072] ERROR -- : 2020-09-09T17:23:16+0500: [Worker(delayed_job host:vals-HP-ProBook-450-G7 pid:13072)] Job TaskMailer.task_status_email (id=30) (queue=default) FAILED (2 prior attempts) with NoMethodError: undefined method `id' for nil:NilClass
E, [2020-09-09T17:23:16.544208 #13072] ERROR -- : 2020-09-09T17:23:16+0500: [Worker(delayed_job host:vals-HP-ProBook-450-G7 pid:13072)] Job TaskMailer.task_status_email (id=30) (queue=default) FAILED permanently because of 3 consecutive failures
I, [2020-09-09T17:23:16.554286 #13072]  INFO -- : 2020-09-09T17:23:16+0500: [Worker(delayed_job host:vals-HP-ProBook-450-G7 pid:13072)] 2 jobs processed at 32.7891 j/s, 2 failed
I, [2020-09-09T22:27:56.122468 #21376]  INFO -- : 2020-09-09T22:27:56+0500: [Worker(delayed_job host:vals-HP-ProBook-450-G7 pid:21376)] Starting job worker
I, [2020-09-09T22:27:56.190038 #21376]  INFO -- : 2020-09-09T22:27:56+0500: [Worker(delayed_job host:vals-HP-ProBook-450-G7 pid:21376)] Job TaskMailer.task_status_email (id=31) (queue=default) RUNNING
E, [2020-09-09T22:27:56.191892 #21376] ERROR -- : 2020-09-09T22:27:56+0500: [Worker(delayed_job host:vals-HP-ProBook-450-G7 pid:21376)] Job TaskMailer.task_status_email (id=31) (queue=default) FAILED (0 prior attempts) with NoMethodError: undefined method `id' for nil:NilClass
I, [2020-09-09T22:27:56.206997 #21376]  INFO -- : 2020-09-09T22:27:56+0500: [Worker(delayed_job host:vals-HP-ProBook-450-G7 pid:21376)] Job TaskMailer.task_status_email (id=32) (queue=default) RUNNING
E, [2020-09-09T22:27:56.208079 #21376] ERROR -- : 2020-09-09T22:27:56+0500: [Worker(delayed_job host:vals-HP-ProBook-450-G7 pid:21376)] Job TaskMailer.task_status_email (id=32) (queue=default) FAILED (0 prior attempts) with NoMethodError: undefined method `id' for nil:NilClass
I, [2020-09-09T22:27:56.226740 #21376]  INFO -- : 2020-09-09T22:27:56+0500: [Worker(delayed_job host:vals-HP-ProBook-450-G7 pid:21376)] Job TaskMailer.task_status_email (id=33) (queue=default) RUNNING
E, [2020-09-09T22:27:56.229266 #21376] ERROR -- : 2020-09-09T22:27:56+0500: [Worker(delayed_job host:vals-HP-ProBook-450-G7 pid:21376)] Job TaskMailer.task_status_email (id=33) (queue=default) FAILED (0 prior attempts) with NoMethodError: undefined method `id' for nil:NilClass
I, [2020-09-09T22:27:56.252775 #21376]  INFO -- : 2020-09-09T22:27:56+0500: [Worker(delayed_job host:vals-HP-ProBook-450-G7 pid:21376)] Job TaskMailer.task_status_email (id=34) (queue=default) RUNNING
E, [2020-09-09T22:27:56.254323 #21376] ERROR -- : 2020-09-09T22:27:56+0500: [Worker(delayed_job host:vals-HP-ProBook-450-G7 pid:21376)] Job TaskMailer.task_status_email (id=34) (queue=default) FAILED (0 prior attempts) with NoMethodError: undefined method `id' for nil:NilClass
I, [2020-09-09T22:27:56.272073 #21376]  INFO -- : 2020-09-09T22:27:56+0500: [Worker(delayed_job host:vals-HP-ProBook-450-G7 pid:21376)] Job TaskMailer.task_status_email (id=35) (queue=default) RUNNING
E, [2020-09-09T22:27:56.277389 #21376] ERROR -- : 2020-09-09T22:27:56+0500: [Worker(delayed_job host:vals-HP-ProBook-450-G7 pid:21376)] Job TaskMailer.task_status_email (id=35) (queue=default) FAILED (0 prior attempts) with NoMethodError: undefined method `id' for nil:NilClass
I, [2020-09-09T22:27:56.294020 #21376]  INFO -- : 2020-09-09T22:27:56+0500: [Worker(delayed_job host:vals-HP-ProBook-450-G7 pid:21376)] Job TaskMailer.task_status_email (id=36) (queue=default) RUNNING
E, [2020-09-09T22:27:56.295314 #21376] ERROR -- : 2020-09-09T22:27:56+0500: [Worker(delayed_job host:vals-HP-ProBook-450-G7 pid:21376)] Job TaskMailer.task_status_email (id=36) (queue=default) FAILED (0 prior attempts) with NoMethodError: undefined method `id' for nil:NilClass
I, [2020-09-09T22:27:56.310824 #21376]  INFO -- : 2020-09-09T22:27:56+0500: [Worker(delayed_job host:vals-HP-ProBook-450-G7 pid:21376)] Job TaskMailer.task_status_email (id=37) (queue=default) RUNNING
E, [2020-09-09T22:27:56.312109 #21376] ERROR -- : 2020-09-09T22:27:56+0500: [Worker(delayed_job host:vals-HP-ProBook-450-G7 pid:21376)] Job TaskMailer.task_status_email (id=37) (queue=default) FAILED (0 prior attempts) with NoMethodError: undefined method `id' for nil:NilClass
I, [2020-09-09T22:27:56.327066 #21376]  INFO -- : 2020-09-09T22:27:56+0500: [Worker(delayed_job host:vals-HP-ProBook-450-G7 pid:21376)] Job TaskMailer.task_status_email (id=38) (queue=default) RUNNING
E, [2020-09-09T22:27:56.328260 #21376] ERROR -- : 2020-09-09T22:27:56+0500: [Worker(delayed_job host:vals-HP-ProBook-450-G7 pid:21376)] Job TaskMailer.task_status_email (id=38) (queue=default) FAILED (0 prior attempts) with NoMethodError: undefined method `id' for nil:NilClass
I, [2020-09-09T22:27:56.340602 #21376]  INFO -- : 2020-09-09T22:27:56+0500: [Worker(delayed_job host:vals-HP-ProBook-450-G7 pid:21376)] Job TaskMailer.task_status_email (id=39) (queue=default) RUNNING
E, [2020-09-09T22:27:56.341738 #21376] ERROR -- : 2020-09-09T22:27:56+0500: [Worker(delayed_job host:vals-HP-ProBook-450-G7 pid:21376)] Job TaskMailer.task_status_email (id=39) (queue=default) FAILED (0 prior attempts) with NoMethodError: undefined method `id' for nil:NilClass
I, [2020-09-09T22:27:56.361821 #21376]  INFO -- : 2020-09-09T22:27:56+0500: [Worker(delayed_job host:vals-HP-ProBook-450-G7 pid:21376)] Job Delayed::PerformableMailer (id=40) (queue=default) RUNNING
E, [2020-09-09T22:27:56.366079 #21376] ERROR -- : 2020-09-09T22:27:56+0500: [Worker(delayed_job host:vals-HP-ProBook-450-G7 pid:21376)] Job Delayed::PerformableMailer (id=40) (queue=default) FAILED permanently with Delayed::DeserializationError: ActiveRecord::RecordNotFound, class: User, primary key: 28 (Couldn't find User with 'id'=28)
I, [2020-09-09T22:27:56.375992 #21376]  INFO -- : 2020-09-09T22:27:56+0500: [Worker(delayed_job host:vals-HP-ProBook-450-G7 pid:21376)] 9 jobs processed at 35.5256 j/s, 9 failed
I, [2020-09-09T22:27:56.383555 #21376]  INFO -- : 2020-09-09T22:27:56+0500: [Worker(delayed_job host:vals-HP-ProBook-450-G7 pid:21376)] Job Delayed::PerformableMailer (id=41) (queue=default) RUNNING
E, [2020-09-09T22:27:56.387771 #21376] ERROR -- : 2020-09-09T22:27:56+0500: [Worker(delayed_job host:vals-HP-ProBook-450-G7 pid:21376)] Job Delayed::PerformableMailer (id=41) (queue=default) FAILED permanently with Delayed::DeserializationError: ActiveRecord::RecordNotFound, class: User, primary key: 29 (Couldn't find User with 'id'=29)
I, [2020-09-09T22:28:56.584639 #21376]  INFO -- : 2020-09-09T22:28:56+0500: [Worker(delayed_job host:vals-HP-ProBook-450-G7 pid:21376)] Job UserMailer.welcome_reset_password_instructions (id=42) (queue=default) RUNNING
I, [2020-09-09T22:29:01.165958 #21376]  INFO -- : 2020-09-09T22:29:01+0500: [Worker(delayed_job host:vals-HP-ProBook-450-G7 pid:21376)] Job UserMailer.welcome_reset_password_instructions (id=42) (queue=default) COMPLETED after 4.5811
I, [2020-09-09T22:29:01.194242 #21376]  INFO -- : 2020-09-09T22:29:01+0500: [Worker(delayed_job host:vals-HP-ProBook-450-G7 pid:21376)] Job TaskMailer.task_status_email (id=31) (queue=default) RUNNING
E, [2020-09-09T22:29:01.196930 #21376] ERROR -- : 2020-09-09T22:29:01+0500: [Worker(delayed_job host:vals-HP-ProBook-450-G7 pid:21376)] Job TaskMailer.task_status_email (id=31) (queue=default) FAILED (1 prior attempts) with NoMethodError: undefined method `id' for nil:NilClass
I, [2020-09-09T22:29:01.215711 #21376]  INFO -- : 2020-09-09T22:29:01+0500: [Worker(delayed_job host:vals-HP-ProBook-450-G7 pid:21376)] Job TaskMailer.task_status_email (id=32) (queue=default) RUNNING
E, [2020-09-09T22:29:01.217878 #21376] ERROR -- : 2020-09-09T22:29:01+0500: [Worker(delayed_job host:vals-HP-ProBook-450-G7 pid:21376)] Job TaskMailer.task_status_email (id=32) (queue=default) FAILED (1 prior attempts) with NoMethodError: undefined method `id' for nil:NilClass
I, [2020-09-09T22:29:01.237072 #21376]  INFO -- : 2020-09-09T22:29:01+0500: [Worker(delayed_job host:vals-HP-ProBook-450-G7 pid:21376)] Job TaskMailer.task_status_email (id=33) (queue=default) RUNNING
E, [2020-09-09T22:29:01.238751 #21376] ERROR -- : 2020-09-09T22:29:01+0500: [Worker(delayed_job host:vals-HP-ProBook-450-G7 pid:21376)] Job TaskMailer.task_status_email (id=33) (queue=default) FAILED (1 prior attempts) with NoMethodError: undefined method `id' for nil:NilClass
I, [2020-09-09T22:29:01.257171 #21376]  INFO -- : 2020-09-09T22:29:01+0500: [Worker(delayed_job host:vals-HP-ProBook-450-G7 pid:21376)] Job TaskMailer.task_status_email (id=34) (queue=default) RUNNING
E, [2020-09-09T22:29:01.258731 #21376] ERROR -- : 2020-09-09T22:29:01+0500: [Worker(delayed_job host:vals-HP-ProBook-450-G7 pid:21376)] Job TaskMailer.task_status_email (id=34) (queue=default) FAILED (1 prior attempts) with NoMethodError: undefined method `id' for nil:NilClass
I, [2020-09-09T22:29:01.277682 #21376]  INFO -- : 2020-09-09T22:29:01+0500: [Worker(delayed_job host:vals-HP-ProBook-450-G7 pid:21376)] Job TaskMailer.task_status_email (id=35) (queue=default) RUNNING
E, [2020-09-09T22:29:01.279301 #21376] ERROR -- : 2020-09-09T22:29:01+0500: [Worker(delayed_job host:vals-HP-ProBook-450-G7 pid:21376)] Job TaskMailer.task_status_email (id=35) (queue=default) FAILED (1 prior attempts) with NoMethodError: undefined method `id' for nil:NilClass
I, [2020-09-09T22:29:01.298153 #21376]  INFO -- : 2020-09-09T22:29:01+0500: [Worker(delayed_job host:vals-HP-ProBook-450-G7 pid:21376)] Job TaskMailer.task_status_email (id=36) (queue=default) RUNNING
E, [2020-09-09T22:29:01.299934 #21376] ERROR -- : 2020-09-09T22:29:01+0500: [Worker(delayed_job host:vals-HP-ProBook-450-G7 pid:21376)] Job TaskMailer.task_status_email (id=36) (queue=default) FAILED (1 prior attempts) with NoMethodError: undefined method `id' for nil:NilClass
I, [2020-09-09T22:29:01.315803 #21376]  INFO -- : 2020-09-09T22:29:01+0500: [Worker(delayed_job host:vals-HP-ProBook-450-G7 pid:21376)] Job TaskMailer.task_status_email (id=37) (queue=default) RUNNING
E, [2020-09-09T22:29:01.317797 #21376] ERROR -- : 2020-09-09T22:29:01+0500: [Worker(delayed_job host:vals-HP-ProBook-450-G7 pid:21376)] Job TaskMailer.task_status_email (id=37) (queue=default) FAILED (1 prior attempts) with NoMethodError: undefined method `id' for nil:NilClass
I, [2020-09-09T22:29:01.334874 #21376]  INFO -- : 2020-09-09T22:29:01+0500: [Worker(delayed_job host:vals-HP-ProBook-450-G7 pid:21376)] Job TaskMailer.task_status_email (id=38) (queue=default) RUNNING
E, [2020-09-09T22:29:01.336870 #21376] ERROR -- : 2020-09-09T22:29:01+0500: [Worker(delayed_job host:vals-HP-ProBook-450-G7 pid:21376)] Job TaskMailer.task_status_email (id=38) (queue=default) FAILED (1 prior attempts) with NoMethodError: undefined method `id' for nil:NilClass
I, [2020-09-09T22:29:01.351993 #21376]  INFO -- : 2020-09-09T22:29:01+0500: [Worker(delayed_job host:vals-HP-ProBook-450-G7 pid:21376)] Job TaskMailer.task_status_email (id=39) (queue=default) RUNNING
E, [2020-09-09T22:29:01.359209 #21376] ERROR -- : 2020-09-09T22:29:01+0500: [Worker(delayed_job host:vals-HP-ProBook-450-G7 pid:21376)] Job TaskMailer.task_status_email (id=39) (queue=default) FAILED (1 prior attempts) with NoMethodError: undefined method `id' for nil:NilClass
I, [2020-09-09T22:29:01.370923 #21376]  INFO -- : 2020-09-09T22:29:01+0500: [Worker(delayed_job host:vals-HP-ProBook-450-G7 pid:21376)] 10 jobs processed at 2.0792 j/s, 9 failed
I, [2020-09-09T22:30:01.522568 #21376]  INFO -- : 2020-09-09T22:30:01+0500: [Worker(delayed_job host:vals-HP-ProBook-450-G7 pid:21376)] Job TaskMailer.task_status_email (id=31) (queue=default) RUNNING
E, [2020-09-09T22:30:01.524325 #21376] ERROR -- : 2020-09-09T22:30:01+0500: [Worker(delayed_job host:vals-HP-ProBook-450-G7 pid:21376)] Job TaskMailer.task_status_email (id=31) (queue=default) FAILED (2 prior attempts) with NoMethodError: undefined method `id' for nil:NilClass
E, [2020-09-09T22:30:01.524408 #21376] ERROR -- : 2020-09-09T22:30:01+0500: [Worker(delayed_job host:vals-HP-ProBook-450-G7 pid:21376)] Job TaskMailer.task_status_email (id=31) (queue=default) FAILED permanently because of 3 consecutive failures
I, [2020-09-09T22:30:01.539341 #21376]  INFO -- : 2020-09-09T22:30:01+0500: [Worker(delayed_job host:vals-HP-ProBook-450-G7 pid:21376)] Job TaskMailer.task_status_email (id=32) (queue=default) RUNNING
E, [2020-09-09T22:30:01.540727 #21376] ERROR -- : 2020-09-09T22:30:01+0500: [Worker(delayed_job host:vals-HP-ProBook-450-G7 pid:21376)] Job TaskMailer.task_status_email (id=32) (queue=default) FAILED (2 prior attempts) with NoMethodError: undefined method `id' for nil:NilClass
E, [2020-09-09T22:30:01.540815 #21376] ERROR -- : 2020-09-09T22:30:01+0500: [Worker(delayed_job host:vals-HP-ProBook-450-G7 pid:21376)] Job TaskMailer.task_status_email (id=32) (queue=default) FAILED permanently because of 3 consecutive failures
I, [2020-09-09T22:30:01.554329 #21376]  INFO -- : 2020-09-09T22:30:01+0500: [Worker(delayed_job host:vals-HP-ProBook-450-G7 pid:21376)] Job TaskMailer.task_status_email (id=33) (queue=default) RUNNING
E, [2020-09-09T22:30:01.555633 #21376] ERROR -- : 2020-09-09T22:30:01+0500: [Worker(delayed_job host:vals-HP-ProBook-450-G7 pid:21376)] Job TaskMailer.task_status_email (id=33) (queue=default) FAILED (2 prior attempts) with NoMethodError: undefined method `id' for nil:NilClass
E, [2020-09-09T22:30:01.555709 #21376] ERROR -- : 2020-09-09T22:30:01+0500: [Worker(delayed_job host:vals-HP-ProBook-450-G7 pid:21376)] Job TaskMailer.task_status_email (id=33) (queue=default) FAILED permanently because of 3 consecutive failures
I, [2020-09-09T22:30:01.570004 #21376]  INFO -- : 2020-09-09T22:30:01+0500: [Worker(delayed_job host:vals-HP-ProBook-450-G7 pid:21376)] Job TaskMailer.task_status_email (id=34) (queue=default) RUNNING
E, [2020-09-09T22:30:01.571441 #21376] ERROR -- : 2020-09-09T22:30:01+0500: [Worker(delayed_job host:vals-HP-ProBook-450-G7 pid:21376)] Job TaskMailer.task_status_email (id=34) (queue=default) FAILED (2 prior attempts) with NoMethodError: undefined method `id' for nil:NilClass
E, [2020-09-09T22:30:01.571517 #21376] ERROR -- : 2020-09-09T22:30:01+0500: [Worker(delayed_job host:vals-HP-ProBook-450-G7 pid:21376)] Job TaskMailer.task_status_email (id=34) (queue=default) FAILED permanently because of 3 consecutive failures
I, [2020-09-09T22:30:01.588495 #21376]  INFO -- : 2020-09-09T22:30:01+0500: [Worker(delayed_job host:vals-HP-ProBook-450-G7 pid:21376)] Job TaskMailer.task_status_email (id=35) (queue=default) RUNNING
E, [2020-09-09T22:30:01.590243 #21376] ERROR -- : 2020-09-09T22:30:01+0500: [Worker(delayed_job host:vals-HP-ProBook-450-G7 pid:21376)] Job TaskMailer.task_status_email (id=35) (queue=default) FAILED (2 prior attempts) with NoMethodError: undefined method `id' for nil:NilClass
E, [2020-09-09T22:30:01.590454 #21376] ERROR -- : 2020-09-09T22:30:01+0500: [Worker(delayed_job host:vals-HP-ProBook-450-G7 pid:21376)] Job TaskMailer.task_status_email (id=35) (queue=default) FAILED permanently because of 3 consecutive failures
I, [2020-09-09T22:30:01.606358 #21376]  INFO -- : 2020-09-09T22:30:01+0500: [Worker(delayed_job host:vals-HP-ProBook-450-G7 pid:21376)] Job TaskMailer.task_status_email (id=36) (queue=default) RUNNING
E, [2020-09-09T22:30:01.608234 #21376] ERROR -- : 2020-09-09T22:30:01+0500: [Worker(delayed_job host:vals-HP-ProBook-450-G7 pid:21376)] Job TaskMailer.task_status_email (id=36) (queue=default) FAILED (2 prior attempts) with NoMethodError: undefined method `id' for nil:NilClass
E, [2020-09-09T22:30:01.608301 #21376] ERROR -- : 2020-09-09T22:30:01+0500: [Worker(delayed_job host:vals-HP-ProBook-450-G7 pid:21376)] Job TaskMailer.task_status_email (id=36) (queue=default) FAILED permanently because of 3 consecutive failures
I, [2020-09-09T22:30:01.621496 #21376]  INFO -- : 2020-09-09T22:30:01+0500: [Worker(delayed_job host:vals-HP-ProBook-450-G7 pid:21376)] Job TaskMailer.task_status_email (id=37) (queue=default) RUNNING
E, [2020-09-09T22:30:01.627371 #21376] ERROR -- : 2020-09-09T22:30:01+0500: [Worker(delayed_job host:vals-HP-ProBook-450-G7 pid:21376)] Job TaskMailer.task_status_email (id=37) (queue=default) FAILED (2 prior attempts) with NoMethodError: undefined method `id' for nil:NilClass
E, [2020-09-09T22:30:01.627468 #21376] ERROR -- : 2020-09-09T22:30:01+0500: [Worker(delayed_job host:vals-HP-ProBook-450-G7 pid:21376)] Job TaskMailer.task_status_email (id=37) (queue=default) FAILED permanently because of 3 consecutive failures
I, [2020-09-09T22:30:01.639606 #21376]  INFO -- : 2020-09-09T22:30:01+0500: [Worker(delayed_job host:vals-HP-ProBook-450-G7 pid:21376)] Job TaskMailer.task_status_email (id=38) (queue=default) RUNNING
E, [2020-09-09T22:30:01.641154 #21376] ERROR -- : 2020-09-09T22:30:01+0500: [Worker(delayed_job host:vals-HP-ProBook-450-G7 pid:21376)] Job TaskMailer.task_status_email (id=38) (queue=default) FAILED (2 prior attempts) with NoMethodError: undefined method `id' for nil:NilClass
E, [2020-09-09T22:30:01.641292 #21376] ERROR -- : 2020-09-09T22:30:01+0500: [Worker(delayed_job host:vals-HP-ProBook-450-G7 pid:21376)] Job TaskMailer.task_status_email (id=38) (queue=default) FAILED permanently because of 3 consecutive failures
I, [2020-09-09T22:30:01.657200 #21376]  INFO -- : 2020-09-09T22:30:01+0500: [Worker(delayed_job host:vals-HP-ProBook-450-G7 pid:21376)] Job TaskMailer.task_status_email (id=39) (queue=default) RUNNING
E, [2020-09-09T22:30:01.658599 #21376] ERROR -- : 2020-09-09T22:30:01+0500: [Worker(delayed_job host:vals-HP-ProBook-450-G7 pid:21376)] Job TaskMailer.task_status_email (id=39) (queue=default) FAILED (2 prior attempts) with NoMethodError: undefined method `id' for nil:NilClass
E, [2020-09-09T22:30:01.658687 #21376] ERROR -- : 2020-09-09T22:30:01+0500: [Worker(delayed_job host:vals-HP-ProBook-450-G7 pid:21376)] Job TaskMailer.task_status_email (id=39) (queue=default) FAILED permanently because of 3 consecutive failures
I, [2020-09-09T22:30:01.666817 #21376]  INFO -- : 2020-09-09T22:30:01+0500: [Worker(delayed_job host:vals-HP-ProBook-450-G7 pid:21376)] 9 jobs processed at 53.0756 j/s, 9 failed
I, [2020-09-09T22:31:01.747328 #21376]  INFO -- : 2020-09-09T22:31:01+0500: [Worker(delayed_job host:vals-HP-ProBook-450-G7 pid:21376)] Job UserMailer.welcome_reset_password_instructions (id=43) (queue=default) RUNNING
I, [2020-09-09T22:31:05.660109 #21376]  INFO -- : 2020-09-09T22:31:05+0500: [Worker(delayed_job host:vals-HP-ProBook-450-G7 pid:21376)] Job UserMailer.welcome_reset_password_instructions (id=43) (queue=default) COMPLETED after 3.9126
I, [2020-09-09T22:31:05.666722 #21376]  INFO -- : 2020-09-09T22:31:05+0500: [Worker(delayed_job host:vals-HP-ProBook-450-G7 pid:21376)] 1 jobs processed at 0.2536 j/s, 0 failed
I, [2020-09-09T22:35:06.164015 #21376]  INFO -- : 2020-09-09T22:35:06+0500: [Worker(delayed_job host:vals-HP-ProBook-450-G7 pid:21376)] Job TaskMailer.task_status_email (id=44) (queue=default) RUNNING
E, [2020-09-09T22:35:06.165546 #21376] ERROR -- : 2020-09-09T22:35:06+0500: [Worker(delayed_job host:vals-HP-ProBook-450-G7 pid:21376)] Job TaskMailer.task_status_email (id=44) (queue=default) FAILED (0 prior attempts) with NoMethodError: undefined method `id' for nil:NilClass
I, [2020-09-09T22:35:06.180075 #21376]  INFO -- : 2020-09-09T22:35:06+0500: [Worker(delayed_job host:vals-HP-ProBook-450-G7 pid:21376)] Job TaskMailer.task_status_email (id=45) (queue=default) RUNNING
E, [2020-09-09T22:35:06.181259 #21376] ERROR -- : 2020-09-09T22:35:06+0500: [Worker(delayed_job host:vals-HP-ProBook-450-G7 pid:21376)] Job TaskMailer.task_status_email (id=45) (queue=default) FAILED (0 prior attempts) with NoMethodError: undefined method `id' for nil:NilClass
I, [2020-09-09T22:35:06.192893 #21376]  INFO -- : 2020-09-09T22:35:06+0500: [Worker(delayed_job host:vals-HP-ProBook-450-G7 pid:21376)] 2 jobs processed at 36.5057 j/s, 2 failed
I, [2020-09-09T22:36:06.329287 #21376]  INFO -- : 2020-09-09T22:36:06+0500: [Worker(delayed_job host:vals-HP-ProBook-450-G7 pid:21376)] Job TaskMailer.task_status_email (id=44) (queue=default) RUNNING
E, [2020-09-09T22:36:06.330916 #21376] ERROR -- : 2020-09-09T22:36:06+0500: [Worker(delayed_job host:vals-HP-ProBook-450-G7 pid:21376)] Job TaskMailer.task_status_email (id=44) (queue=default) FAILED (1 prior attempts) with NoMethodError: undefined method `id' for nil:NilClass
I, [2020-09-09T22:36:06.346549 #21376]  INFO -- : 2020-09-09T22:36:06+0500: [Worker(delayed_job host:vals-HP-ProBook-450-G7 pid:21376)] Job TaskMailer.task_status_email (id=45) (queue=default) RUNNING
E, [2020-09-09T22:36:06.347679 #21376] ERROR -- : 2020-09-09T22:36:06+0500: [Worker(delayed_job host:vals-HP-ProBook-450-G7 pid:21376)] Job TaskMailer.task_status_email (id=45) (queue=default) FAILED (1 prior attempts) with NoMethodError: undefined method `id' for nil:NilClass
I, [2020-09-09T22:36:06.355288 #21376]  INFO -- : 2020-09-09T22:36:06+0500: [Worker(delayed_job host:vals-HP-ProBook-450-G7 pid:21376)] 2 jobs processed at 38.9958 j/s, 2 failed
I, [2020-09-09T22:37:06.551913 #21376]  INFO -- : 2020-09-09T22:37:06+0500: [Worker(delayed_job host:vals-HP-ProBook-450-G7 pid:21376)] Job TaskMailer.task_status_email (id=44) (queue=default) RUNNING
E, [2020-09-09T22:37:06.553364 #21376] ERROR -- : 2020-09-09T22:37:06+0500: [Worker(delayed_job host:vals-HP-ProBook-450-G7 pid:21376)] Job TaskMailer.task_status_email (id=44) (queue=default) FAILED (2 prior attempts) with NoMethodError: undefined method `id' for nil:NilClass
E, [2020-09-09T22:37:06.553456 #21376] ERROR -- : 2020-09-09T22:37:06+0500: [Worker(delayed_job host:vals-HP-ProBook-450-G7 pid:21376)] Job TaskMailer.task_status_email (id=44) (queue=default) FAILED permanently because of 3 consecutive failures
I, [2020-09-09T22:37:06.569978 #21376]  INFO -- : 2020-09-09T22:37:06+0500: [Worker(delayed_job host:vals-HP-ProBook-450-G7 pid:21376)] Job TaskMailer.task_status_email (id=45) (queue=default) RUNNING
E, [2020-09-09T22:37:06.571877 #21376] ERROR -- : 2020-09-09T22:37:06+0500: [Worker(delayed_job host:vals-HP-ProBook-450-G7 pid:21376)] Job TaskMailer.task_status_email (id=45) (queue=default) FAILED (2 prior attempts) with NoMethodError: undefined method `id' for nil:NilClass
E, [2020-09-09T22:37:06.572004 #21376] ERROR -- : 2020-09-09T22:37:06+0500: [Worker(delayed_job host:vals-HP-ProBook-450-G7 pid:21376)] Job TaskMailer.task_status_email (id=45) (queue=default) FAILED permanently because of 3 consecutive failures
I, [2020-09-09T22:37:06.581508 #21376]  INFO -- : 2020-09-09T22:37:06+0500: [Worker(delayed_job host:vals-HP-ProBook-450-G7 pid:21376)] 2 jobs processed at 32.0040 j/s, 2 failed
I, [2020-09-09T23:49:15.534025 #21376]  INFO -- : 2020-09-09T23:49:15+0500: [Worker(delayed_job host:vals-HP-ProBook-450-G7 pid:21376)] Job TaskMailer.task_status_email (id=46) (queue=default) RUNNING
E, [2020-09-09T23:49:15.537783 #21376] ERROR -- : 2020-09-09T23:49:15+0500: [Worker(delayed_job host:vals-HP-ProBook-450-G7 pid:21376)] Job TaskMailer.task_status_email (id=46) (queue=default) FAILED (0 prior attempts) with ActiveRecord::RecordNotFound: Couldn't find User with 'id'=assignee_user_id
I, [2020-09-09T23:49:15.549168 #21376]  INFO -- : 2020-09-09T23:49:15+0500: [Worker(delayed_job host:vals-HP-ProBook-450-G7 pid:21376)] Job TaskMailer.task_status_email (id=47) (queue=default) RUNNING
E, [2020-09-09T23:49:15.550642 #21376] ERROR -- : 2020-09-09T23:49:15+0500: [Worker(delayed_job host:vals-HP-ProBook-450-G7 pid:21376)] Job TaskMailer.task_status_email (id=47) (queue=default) FAILED (0 prior attempts) with ActiveRecord::RecordNotFound: Couldn't find User with 'id'=reviewer_user_id
I, [2020-09-09T23:49:15.564348 #21376]  INFO -- : 2020-09-09T23:49:15+0500: [Worker(delayed_job host:vals-HP-ProBook-450-G7 pid:21376)] Job TaskMailer.task_status_email (id=48) (queue=default) RUNNING
E, [2020-09-09T23:49:15.565789 #21376] ERROR -- : 2020-09-09T23:49:15+0500: [Worker(delayed_job host:vals-HP-ProBook-450-G7 pid:21376)] Job TaskMailer.task_status_email (id=48) (queue=default) FAILED (0 prior attempts) with ActiveRecord::RecordNotFound: Couldn't find User with 'id'=created_by_user_id
I, [2020-09-09T23:49:15.576023 #21376]  INFO -- : 2020-09-09T23:49:15+0500: [Worker(delayed_job host:vals-HP-ProBook-450-G7 pid:21376)] 3 jobs processed at 59.2972 j/s, 3 failed
I, [2020-09-09T23:50:15.687945 #21376]  INFO -- : 2020-09-09T23:50:15+0500: [Worker(delayed_job host:vals-HP-ProBook-450-G7 pid:21376)] Job TaskMailer.task_status_email (id=46) (queue=default) RUNNING
E, [2020-09-09T23:50:15.691801 #21376] ERROR -- : 2020-09-09T23:50:15+0500: [Worker(delayed_job host:vals-HP-ProBook-450-G7 pid:21376)] Job TaskMailer.task_status_email (id=46) (queue=default) FAILED (1 prior attempts) with ActiveRecord::RecordNotFound: Couldn't find User with 'id'=assignee_user_id
I, [2020-09-09T23:50:15.704600 #21376]  INFO -- : 2020-09-09T23:50:15+0500: [Worker(delayed_job host:vals-HP-ProBook-450-G7 pid:21376)] Job TaskMailer.task_status_email (id=47) (queue=default) RUNNING
E, [2020-09-09T23:50:15.706172 #21376] ERROR -- : 2020-09-09T23:50:15+0500: [Worker(delayed_job host:vals-HP-ProBook-450-G7 pid:21376)] Job TaskMailer.task_status_email (id=47) (queue=default) FAILED (1 prior attempts) with ActiveRecord::RecordNotFound: Couldn't find User with 'id'=reviewer_user_id
I, [2020-09-09T23:50:15.717652 #21376]  INFO -- : 2020-09-09T23:50:15+0500: [Worker(delayed_job host:vals-HP-ProBook-450-G7 pid:21376)] Job TaskMailer.task_status_email (id=48) (queue=default) RUNNING
E, [2020-09-09T23:50:15.719071 #21376] ERROR -- : 2020-09-09T23:50:15+0500: [Worker(delayed_job host:vals-HP-ProBook-450-G7 pid:21376)] Job TaskMailer.task_status_email (id=48) (queue=default) FAILED (1 prior attempts) with ActiveRecord::RecordNotFound: Couldn't find User with 'id'=created_by_user_id
I, [2020-09-09T23:50:15.726743 #21376]  INFO -- : 2020-09-09T23:50:15+0500: [Worker(delayed_job host:vals-HP-ProBook-450-G7 pid:21376)] 3 jobs processed at 58.9565 j/s, 3 failed
I, [2020-09-09T23:51:15.895564 #21376]  INFO -- : 2020-09-09T23:51:15+0500: [Worker(delayed_job host:vals-HP-ProBook-450-G7 pid:21376)] Job TaskMailer.task_status_email (id=46) (queue=default) RUNNING
E, [2020-09-09T23:51:15.901250 #21376] ERROR -- : 2020-09-09T23:51:15+0500: [Worker(delayed_job host:vals-HP-ProBook-450-G7 pid:21376)] Job TaskMailer.task_status_email (id=46) (queue=default) FAILED (2 prior attempts) with ActiveRecord::RecordNotFound: Couldn't find User with 'id'=assignee_user_id
E, [2020-09-09T23:51:15.901312 #21376] ERROR -- : 2020-09-09T23:51:15+0500: [Worker(delayed_job host:vals-HP-ProBook-450-G7 pid:21376)] Job TaskMailer.task_status_email (id=46) (queue=default) FAILED permanently because of 3 consecutive failures
I, [2020-09-09T23:51:15.917851 #21376]  INFO -- : 2020-09-09T23:51:15+0500: [Worker(delayed_job host:vals-HP-ProBook-450-G7 pid:21376)] Job TaskMailer.task_status_email (id=47) (queue=default) RUNNING
E, [2020-09-09T23:51:15.919280 #21376] ERROR -- : 2020-09-09T23:51:15+0500: [Worker(delayed_job host:vals-HP-ProBook-450-G7 pid:21376)] Job TaskMailer.task_status_email (id=47) (queue=default) FAILED (2 prior attempts) with ActiveRecord::RecordNotFound: Couldn't find User with 'id'=reviewer_user_id
E, [2020-09-09T23:51:15.919330 #21376] ERROR -- : 2020-09-09T23:51:15+0500: [Worker(delayed_job host:vals-HP-ProBook-450-G7 pid:21376)] Job TaskMailer.task_status_email (id=47) (queue=default) FAILED permanently because of 3 consecutive failures
I, [2020-09-09T23:51:15.935104 #21376]  INFO -- : 2020-09-09T23:51:15+0500: [Worker(delayed_job host:vals-HP-ProBook-450-G7 pid:21376)] Job TaskMailer.task_status_email (id=48) (queue=default) RUNNING
E, [2020-09-09T23:51:15.938122 #21376] ERROR -- : 2020-09-09T23:51:15+0500: [Worker(delayed_job host:vals-HP-ProBook-450-G7 pid:21376)] Job TaskMailer.task_status_email (id=48) (queue=default) FAILED (2 prior attempts) with ActiveRecord::RecordNotFound: Couldn't find User with 'id'=created_by_user_id
E, [2020-09-09T23:51:15.938230 #21376] ERROR -- : 2020-09-09T23:51:15+0500: [Worker(delayed_job host:vals-HP-ProBook-450-G7 pid:21376)] Job TaskMailer.task_status_email (id=48) (queue=default) FAILED permanently because of 3 consecutive failures
I, [2020-09-09T23:51:15.948699 #21376]  INFO -- : 2020-09-09T23:51:15+0500: [Worker(delayed_job host:vals-HP-ProBook-450-G7 pid:21376)] 3 jobs processed at 44.1361 j/s, 3 failed
I, [2020-09-09T23:57:16.575503 #21376]  INFO -- : 2020-09-09T23:57:16+0500: [Worker(delayed_job host:vals-HP-ProBook-450-G7 pid:21376)] Job TaskMailer.task_status_email (id=49) (queue=default) RUNNING
I, [2020-09-09T23:57:21.790447 #21376]  INFO -- : 2020-09-09T23:57:21+0500: [Worker(delayed_job host:vals-HP-ProBook-450-G7 pid:21376)] Job TaskMailer.task_status_email (id=49) (queue=default) COMPLETED after 5.2147
I, [2020-09-09T23:57:21.796227 #21376]  INFO -- : 2020-09-09T23:57:21+0500: [Worker(delayed_job host:vals-HP-ProBook-450-G7 pid:21376)] 1 jobs processed at 0.1908 j/s, 0 failed
I, [2020-09-10T00:00:22.172396 #21376]  INFO -- : 2020-09-10T00:00:22+0500: [Worker(delayed_job host:vals-HP-ProBook-450-G7 pid:21376)] Job TaskMailer.task_status_email (id=50) (queue=default) RUNNING
I, [2020-09-10T00:00:26.115196 #21376]  INFO -- : 2020-09-10T00:00:26+0500: [Worker(delayed_job host:vals-HP-ProBook-450-G7 pid:21376)] Job TaskMailer.task_status_email (id=50) (queue=default) COMPLETED after 3.9426
I, [2020-09-10T00:00:26.121025 #21376]  INFO -- : 2020-09-10T00:00:26+0500: [Worker(delayed_job host:vals-HP-ProBook-450-G7 pid:21376)] 1 jobs processed at 0.2520 j/s, 0 failed
I, [2020-09-10T00:04:26.648211 #21376]  INFO -- : 2020-09-10T00:04:26+0500: [Worker(delayed_job host:vals-HP-ProBook-450-G7 pid:21376)] Job TaskMailer.task_status_email (id=51) (queue=default) RUNNING
I, [2020-09-10T00:04:30.263080 #21376]  INFO -- : 2020-09-10T00:04:30+0500: [Worker(delayed_job host:vals-HP-ProBook-450-G7 pid:21376)] Job TaskMailer.task_status_email (id=51) (queue=default) COMPLETED after 3.6148
I, [2020-09-10T00:04:30.279189 #21376]  INFO -- : 2020-09-10T00:04:30+0500: [Worker(delayed_job host:vals-HP-ProBook-450-G7 pid:21376)] Job TaskMailer.task_status_email (id=52) (queue=default) RUNNING
I, [2020-09-10T00:04:33.719729 #21376]  INFO -- : 2020-09-10T00:04:33+0500: [Worker(delayed_job host:vals-HP-ProBook-450-G7 pid:21376)] Job TaskMailer.task_status_email (id=52) (queue=default) COMPLETED after 3.4403
I, [2020-09-10T00:04:33.725922 #21376]  INFO -- : 2020-09-10T00:04:33+0500: [Worker(delayed_job host:vals-HP-ProBook-450-G7 pid:21376)] 2 jobs processed at 0.2811 j/s, 0 failed
I, [2020-09-10T00:14:34.875606 #21376]  INFO -- : 2020-09-10T00:14:34+0500: [Worker(delayed_job host:vals-HP-ProBook-450-G7 pid:21376)] Job TaskMailer.task_status_email (id=53) (queue=default) RUNNING
E, [2020-09-10T00:14:34.891213 #21376] ERROR -- : 2020-09-10T00:14:34+0500: [Worker(delayed_job host:vals-HP-ProBook-450-G7 pid:21376)] Job TaskMailer.task_status_email (id=53) (queue=default) FAILED (0 prior attempts) with ActionView::Template::Error: undefined local variable or method `current_user' for #<#<Class:0x00005633709e6e08>:0x000056337099b7c8>
Did you mean?  current_page?
I, [2020-09-10T00:14:34.903688 #21376]  INFO -- : 2020-09-10T00:14:34+0500: [Worker(delayed_job host:vals-HP-ProBook-450-G7 pid:21376)] Job TaskMailer.task_status_email (id=54) (queue=default) RUNNING
E, [2020-09-10T00:14:34.913747 #21376] ERROR -- : 2020-09-10T00:14:34+0500: [Worker(delayed_job host:vals-HP-ProBook-450-G7 pid:21376)] Job TaskMailer.task_status_email (id=54) (queue=default) FAILED (0 prior attempts) with ActionView::Template::Error: undefined local variable or method `current_user' for #<#<Class:0x00005633709e6e08>:0x00005633723e5958>
Did you mean?  current_page?
I, [2020-09-10T00:14:34.923235 #21376]  INFO -- : 2020-09-10T00:14:34+0500: [Worker(delayed_job host:vals-HP-ProBook-450-G7 pid:21376)] 2 jobs processed at 21.5012 j/s, 2 failed
I, [2020-09-10T00:15:35.115896 #21376]  INFO -- : 2020-09-10T00:15:35+0500: [Worker(delayed_job host:vals-HP-ProBook-450-G7 pid:21376)] Job TaskMailer.task_status_email (id=53) (queue=default) RUNNING
E, [2020-09-10T00:15:35.126705 #21376] ERROR -- : 2020-09-10T00:15:35+0500: [Worker(delayed_job host:vals-HP-ProBook-450-G7 pid:21376)] Job TaskMailer.task_status_email (id=53) (queue=default) FAILED (1 prior attempts) with ActionView::Template::Error: undefined local variable or method `current_user' for #<#<Class:0x0000563372460ce8>:0x000056337245b478>
Did you mean?  current_page?
I, [2020-09-10T00:15:35.211373 #21376]  INFO -- : 2020-09-10T00:15:35+0500: [Worker(delayed_job host:vals-HP-ProBook-450-G7 pid:21376)] Job TaskMailer.task_status_email (id=54) (queue=default) RUNNING
E, [2020-09-10T00:15:35.229356 #21376] ERROR -- : 2020-09-10T00:15:35+0500: [Worker(delayed_job host:vals-HP-ProBook-450-G7 pid:21376)] Job TaskMailer.task_status_email (id=54) (queue=default) FAILED (1 prior attempts) with ActionView::Template::Error: undefined local variable or method `current_user' for #<#<Class:0x0000563372460ce8>:0x00005633722b70e0>
Did you mean?  current_page?
I, [2020-09-10T00:15:35.237113 #21376]  INFO -- : 2020-09-10T00:15:35+0500: [Worker(delayed_job host:vals-HP-ProBook-450-G7 pid:21376)] 2 jobs processed at 12.4343 j/s, 2 failed
I, [2020-09-10T00:16:35.338724 #21376]  INFO -- : 2020-09-10T00:16:35+0500: [Worker(delayed_job host:vals-HP-ProBook-450-G7 pid:21376)] Job TaskMailer.task_status_email (id=53) (queue=default) RUNNING
I, [2020-09-10T00:16:40.730660 #21376]  INFO -- : 2020-09-10T00:16:40+0500: [Worker(delayed_job host:vals-HP-ProBook-450-G7 pid:21376)] Job TaskMailer.task_status_email (id=53) (queue=default) COMPLETED after 5.3918
I, [2020-09-10T00:16:40.749076 #21376]  INFO -- : 2020-09-10T00:16:40+0500: [Worker(delayed_job host:vals-HP-ProBook-450-G7 pid:21376)] Job TaskMailer.task_status_email (id=54) (queue=default) RUNNING
I, [2020-09-10T00:16:44.623742 #21376]  INFO -- : 2020-09-10T00:16:44+0500: [Worker(delayed_job host:vals-HP-ProBook-450-G7 pid:21376)] Job TaskMailer.task_status_email (id=54) (queue=default) COMPLETED after 3.8745
I, [2020-09-10T00:16:44.636151 #21376]  INFO -- : 2020-09-10T00:16:44+0500: [Worker(delayed_job host:vals-HP-ProBook-450-G7 pid:21376)] Job TaskMailer.task_status_email (id=55) (queue=default) RUNNING
I, [2020-09-10T00:16:48.626080 #21376]  INFO -- : 2020-09-10T00:16:48+0500: [Worker(delayed_job host:vals-HP-ProBook-450-G7 pid:21376)] Job TaskMailer.task_status_email (id=55) (queue=default) COMPLETED after 3.9898
I, [2020-09-10T00:16:48.640357 #21376]  INFO -- : 2020-09-10T00:16:48+0500: [Worker(delayed_job host:vals-HP-ProBook-450-G7 pid:21376)] Job TaskMailer.task_status_email (id=56) (queue=default) RUNNING
I, [2020-09-10T00:16:52.310237 #21376]  INFO -- : 2020-09-10T00:16:52+0500: [Worker(delayed_job host:vals-HP-ProBook-450-G7 pid:21376)] Job TaskMailer.task_status_email (id=56) (queue=default) COMPLETED after 3.6697
I, [2020-09-10T00:16:52.319161 #21376]  INFO -- : 2020-09-10T00:16:52+0500: [Worker(delayed_job host:vals-HP-ProBook-450-G7 pid:21376)] 4 jobs processed at 0.2351 j/s, 0 failed
I, [2020-09-10T00:20:52.893883 #21376]  INFO -- : 2020-09-10T00:20:52+0500: [Worker(delayed_job host:vals-HP-ProBook-450-G7 pid:21376)] Job TaskMailer.task_status_email (id=57) (queue=default) RUNNING
E, [2020-09-10T00:20:52.895110 #21376] ERROR -- : 2020-09-10T00:20:52+0500: [Worker(delayed_job host:vals-HP-ProBook-450-G7 pid:21376)] Job TaskMailer.task_status_email (id=57) (queue=default) FAILED (0 prior attempts) with ArgumentError: You are passing an instance of ActiveRecord::Base to `find`. Please pass the id of the object by calling `.id`.
I, [2020-09-10T00:20:52.913658 #21376]  INFO -- : 2020-09-10T00:20:52+0500: [Worker(delayed_job host:vals-HP-ProBook-450-G7 pid:21376)] Job TaskMailer.task_status_email (id=58) (queue=default) RUNNING
E, [2020-09-10T00:20:52.914299 #21376] ERROR -- : 2020-09-10T00:20:52+0500: [Worker(delayed_job host:vals-HP-ProBook-450-G7 pid:21376)] Job TaskMailer.task_status_email (id=58) (queue=default) FAILED (0 prior attempts) with ArgumentError: You are passing an instance of ActiveRecord::Base to `find`. Please pass the id of the object by calling `.id`.
I, [2020-09-10T00:20:52.921647 #21376]  INFO -- : 2020-09-10T00:20:52+0500: [Worker(delayed_job host:vals-HP-ProBook-450-G7 pid:21376)] 2 jobs processed at 32.4522 j/s, 2 failed
I, [2020-09-10T00:21:53.086008 #21376]  INFO -- : 2020-09-10T00:21:53+0500: [Worker(delayed_job host:vals-HP-ProBook-450-G7 pid:21376)] Job TaskMailer.task_status_email (id=57) (queue=default) RUNNING
E, [2020-09-10T00:21:53.087142 #21376] ERROR -- : 2020-09-10T00:21:53+0500: [Worker(delayed_job host:vals-HP-ProBook-450-G7 pid:21376)] Job TaskMailer.task_status_email (id=57) (queue=default) FAILED (1 prior attempts) with ArgumentError: You are passing an instance of ActiveRecord::Base to `find`. Please pass the id of the object by calling `.id`.
I, [2020-09-10T00:21:53.101233 #21376]  INFO -- : 2020-09-10T00:21:53+0500: [Worker(delayed_job host:vals-HP-ProBook-450-G7 pid:21376)] Job TaskMailer.task_status_email (id=58) (queue=default) RUNNING
E, [2020-09-10T00:21:53.101955 #21376] ERROR -- : 2020-09-10T00:21:53+0500: [Worker(delayed_job host:vals-HP-ProBook-450-G7 pid:21376)] Job TaskMailer.task_status_email (id=58) (queue=default) FAILED (1 prior attempts) with ArgumentError: You are passing an instance of ActiveRecord::Base to `find`. Please pass the id of the object by calling `.id`.
I, [2020-09-10T00:21:53.108955 #21376]  INFO -- : 2020-09-10T00:21:53+0500: [Worker(delayed_job host:vals-HP-ProBook-450-G7 pid:21376)] 2 jobs processed at 35.1536 j/s, 2 failed
I, [2020-09-10T00:22:53.247828 #21376]  INFO -- : 2020-09-10T00:22:53+0500: [Worker(delayed_job host:vals-HP-ProBook-450-G7 pid:21376)] Job TaskMailer.task_status_email (id=57) (queue=default) RUNNING
E, [2020-09-10T00:22:53.249004 #21376] ERROR -- : 2020-09-10T00:22:53+0500: [Worker(delayed_job host:vals-HP-ProBook-450-G7 pid:21376)] Job TaskMailer.task_status_email (id=57) (queue=default) FAILED (2 prior attempts) with ArgumentError: You are passing an instance of ActiveRecord::Base to `find`. Please pass the id of the object by calling `.id`.
E, [2020-09-10T00:22:53.249093 #21376] ERROR -- : 2020-09-10T00:22:53+0500: [Worker(delayed_job host:vals-HP-ProBook-450-G7 pid:21376)] Job TaskMailer.task_status_email (id=57) (queue=default) FAILED permanently because of 3 consecutive failures
I, [2020-09-10T00:22:53.263002 #21376]  INFO -- : 2020-09-10T00:22:53+0500: [Worker(delayed_job host:vals-HP-ProBook-450-G7 pid:21376)] Job TaskMailer.task_status_email (id=58) (queue=default) RUNNING
E, [2020-09-10T00:22:53.263783 #21376] ERROR -- : 2020-09-10T00:22:53+0500: [Worker(delayed_job host:vals-HP-ProBook-450-G7 pid:21376)] Job TaskMailer.task_status_email (id=58) (queue=default) FAILED (2 prior attempts) with ArgumentError: You are passing an instance of ActiveRecord::Base to `find`. Please pass the id of the object by calling `.id`.
E, [2020-09-10T00:22:53.263843 #21376] ERROR -- : 2020-09-10T00:22:53+0500: [Worker(delayed_job host:vals-HP-ProBook-450-G7 pid:21376)] Job TaskMailer.task_status_email (id=58) (queue=default) FAILED permanently because of 3 consecutive failures
I, [2020-09-10T00:22:53.277580 #21376]  INFO -- : 2020-09-10T00:22:53+0500: [Worker(delayed_job host:vals-HP-ProBook-450-G7 pid:21376)] Job TaskMailer.task_status_email (id=59) (queue=default) RUNNING
I, [2020-09-10T00:22:56.947896 #21376]  INFO -- : 2020-09-10T00:22:56+0500: [Worker(delayed_job host:vals-HP-ProBook-450-G7 pid:21376)] Job TaskMailer.task_status_email (id=59) (queue=default) COMPLETED after 3.6701
I, [2020-09-10T00:22:56.968876 #21376]  INFO -- : 2020-09-10T00:22:56+0500: [Worker(delayed_job host:vals-HP-ProBook-450-G7 pid:21376)] Job TaskMailer.task_status_email (id=60) (queue=default) RUNNING
I, [2020-09-10T00:23:00.508613 #21376]  INFO -- : 2020-09-10T00:23:00+0500: [Worker(delayed_job host:vals-HP-ProBook-450-G7 pid:21376)] Job TaskMailer.task_status_email (id=60) (queue=default) COMPLETED after 3.5394
I, [2020-09-10T00:23:00.514837 #21376]  INFO -- : 2020-09-10T00:23:00+0500: [Worker(delayed_job host:vals-HP-ProBook-450-G7 pid:21376)] 4 jobs processed at 0.5480 j/s, 2 failed
